[2025-07-14T13:27:34.343Z] [299] [ERROR] WhatsApp credentials not found in environment variables
[2025-07-14T13:27:34.345Z] [299] [INFO] Document requirements service initialized
[2025-07-14T13:27:34.372Z] [299] [WARN] Email credentials not found in environment variables
[2025-07-14T13:27:34.372Z] [299] [WARN] Email service will be simulated
[2025-07-14T13:27:34.382Z] [299] [INFO] Server running on port 8000
[2025-07-14T13:27:34.382Z] [299] [INFO] WhatsApp Loan Document Collection Bot started successfully
[2025-07-14T13:27:34.383Z] [299] [WARN] Missing environment variables: WHATSAPP_TOKEN, WHATSAPP_PHONE_ID
[2025-07-14T13:27:34.383Z] [299] [WARN] Please check your .env file
[2025-07-14T13:28:18.343Z] [446] [ERROR] WhatsApp credentials not found in environment variables
[2025-07-14T13:28:18.345Z] [446] [INFO] Document requirements service initialized
[2025-07-14T13:28:18.373Z] [446] [WARN] Email credentials not found in environment variables
[2025-07-14T13:28:18.373Z] [446] [WARN] Email service will be simulated
[2025-07-14T13:28:18.383Z] [446] [INFO] Server running on port 5000
[2025-07-14T13:28:18.383Z] [446] [INFO] WhatsApp Loan Document Collection Bot started successfully
[2025-07-14T13:28:18.383Z] [446] [WARN] Missing environment variables: WHATSAPP_TOKEN, WHATSAPP_PHONE_ID
[2025-07-14T13:28:18.384Z] [446] [WARN] Please check your .env file
[2025-07-14T13:28:28.349Z] [495] [ERROR] WhatsApp credentials not found in environment variables
[2025-07-14T13:28:28.351Z] [495] [INFO] Document requirements service initialized
[2025-07-14T13:28:28.378Z] [495] [WARN] Email credentials not found in environment variables
[2025-07-14T13:28:28.378Z] [495] [WARN] Email service will be simulated
[2025-07-14T13:28:28.385Z] [495] [INFO] Server running on port 5000
[2025-07-14T13:28:28.386Z] [495] [INFO] WhatsApp Loan Document Collection Bot started successfully
[2025-07-14T13:28:28.386Z] [495] [WARN] Missing environment variables: WHATSAPP_TOKEN, WHATSAPP_PHONE_ID
[2025-07-14T13:28:28.386Z] [495] [WARN] Please check your .env file
[2025-07-14T13:31:52.822Z] [495] [INFO] SIGTERM received, shutting down gracefully
[2025-07-14T13:31:54.326Z] [970] [INFO] Document requirements service initialized
[2025-07-14T13:31:54.395Z] [970] [WARN] Email credentials not found in environment variables
[2025-07-14T13:31:54.395Z] [970] [WARN] Email service will be simulated
[2025-07-14T13:31:54.407Z] [970] [INFO] Server running on port 5000
[2025-07-14T13:31:54.407Z] [970] [INFO] WhatsApp Loan Document Collection Bot started successfully
[2025-07-14T13:49:30.880Z] [970] [INFO] Webhook verified successfully
[2025-07-14T13:49:55.486Z] [970] [INFO] SIGTERM received, shutting down gracefully
[2025-07-14T13:49:57.575Z] [1400] [INFO] Document requirements service initialized
[2025-07-14T13:49:57.621Z] [1400] [WARN] Email credentials not found in environment variables
[2025-07-14T13:49:57.621Z] [1400] [WARN] Email service will be simulated
[2025-07-14T13:49:57.635Z] [1400] [INFO] Server running on port 5000
[2025-07-14T13:49:57.636Z] [1400] [INFO] WhatsApp Loan Document Collection Bot started successfully
[2025-07-14T13:55:20.177Z] [1400] [INFO] SIGTERM received, shutting down gracefully
[2025-07-14T13:55:21.647Z] [1849] [INFO] Document requirements service initialized
[2025-07-14T13:55:21.677Z] [1849] [WARN] Email credentials not found in environment variables
[2025-07-14T13:55:21.677Z] [1849] [WARN] Email service will be simulated
[2025-07-14T13:55:21.685Z] [1849] [INFO] Server running on port 5000
[2025-07-14T13:55:21.685Z] [1849] [INFO] WhatsApp Loan Document Collection Bot started successfully
[2025-07-14T13:55:21.685Z] [1849] [INFO] Webhook URL: https://c07c76fd-d940-430b-aa45-bd8c45058388-00-paeo9qo17oa0.spock.replit.dev/webhook
[2025-07-14T13:55:21.685Z] [1849] [INFO] Verify Token: loan_bot_verify_token
[2025-07-14T13:55:30.192Z] [1849] [INFO] Webhook verified successfully
[2025-07-14T14:09:46.186Z] [1849] [INFO] SIGTERM received, shutting down gracefully
[2025-07-14T14:09:47.621Z] [3043] [INFO] Document requirements service initialized
[2025-07-14T14:09:47.655Z] [3043] [WARN] Email credentials not found in environment variables
[2025-07-14T14:09:47.656Z] [3043] [WARN] Email service will be simulated
[2025-07-14T14:09:47.665Z] [3043] [INFO] Server running on port 5000
[2025-07-14T14:09:47.666Z] [3043] [INFO] WhatsApp Loan Document Collection Bot started successfully
[2025-07-14T14:09:47.666Z] [3043] [INFO] Webhook URL: https://c07c76fd-d940-430b-aa45-bd8c45058388-00-paeo9qo17oa0.spock.replit.dev/webhook
[2025-07-14T14:09:47.666Z] [3043] [INFO] Verify Token: loan_bot_verify_token
[2025-07-14T15:19:56.575Z] [3043] [INFO] SIGTERM received, shutting down gracefully
[2025-07-14T15:19:58.033Z] [4111] [INFO] Document requirements service initialized
[2025-07-14T15:19:58.100Z] [4111] [WARN] Email credentials not found in environment variables
[2025-07-14T15:19:58.100Z] [4111] [WARN] Email service will be simulated
[2025-07-14T15:19:58.111Z] [4111] [INFO] Server running on port 5000
[2025-07-14T15:19:58.111Z] [4111] [INFO] WhatsApp Loan Document Collection Bot started successfully
[2025-07-14T15:19:58.111Z] [4111] [INFO] Webhook URL: https://c07c76fd-d940-430b-aa45-bd8c45058388-00-paeo9qo17oa0.spock.replit.dev/webhook
[2025-07-14T15:19:58.111Z] [4111] [INFO] Verify Token: loan_bot_verify_token
[2025-07-14T15:35:26.133Z] [4111] [INFO] SIGTERM received, shutting down gracefully
[2025-07-14T15:35:27.849Z] [5072] [INFO] Document requirements service initialized
[2025-07-14T15:35:27.883Z] [5072] [WARN] Email credentials not found in environment variables
[2025-07-14T15:35:27.883Z] [5072] [WARN] Email service will be simulated
[2025-07-14T15:35:27.892Z] [5072] [INFO] Server running on port 5000
[2025-07-14T15:35:27.892Z] [5072] [INFO] WhatsApp Loan Document Collection Bot started successfully
[2025-07-14T15:35:27.893Z] [5072] [INFO] Webhook URL: https://c07c76fd-d940-430b-aa45-bd8c45058388-00-paeo9qo17oa0.spock.replit.dev/webhook
[2025-07-14T15:35:27.893Z] [5072] [INFO] Verify Token: loan_bot_verify_token
[2025-07-14T15:52:35.900Z] [5072] [INFO] SIGTERM received, shutting down gracefully
[2025-07-14T15:52:37.320Z] [5772] [INFO] Document requirements service initialized
[2025-07-14T15:52:37.358Z] [5772] [WARN] Email credentials not found in environment variables
[2025-07-14T15:52:37.358Z] [5772] [WARN] Email service will be simulated
[2025-07-14T15:52:37.366Z] [5772] [INFO] Server running on port 5000
[2025-07-14T15:52:37.366Z] [5772] [INFO] WhatsApp Loan Document Collection Bot started successfully
[2025-07-14T15:52:37.366Z] [5772] [INFO] Webhook URL: https://c07c76fd-d940-430b-aa45-bd8c45058388-00-paeo9qo17oa0.spock.replit.dev/webhook
[2025-07-14T15:52:37.366Z] [5772] [INFO] Verify Token: loan_bot_verify_token
[2025-07-14T16:09:12.181Z] [5772] [INFO] SIGTERM received, shutting down gracefully
[2025-07-14T16:09:13.841Z] [6658] [INFO] Document requirements service initialized
[2025-07-14T16:09:13.908Z] [6658] [WARN] Email credentials not found in environment variables
[2025-07-14T16:09:13.909Z] [6658] [WARN] Email service will be simulated
[2025-07-14T16:09:13.916Z] [6658] [INFO] Server running on port 5000
[2025-07-14T16:09:13.916Z] [6658] [INFO] WhatsApp Loan Document Collection Bot started successfully
[2025-07-14T16:09:13.916Z] [6658] [INFO] Webhook URL: https://c07c76fd-d940-430b-aa45-bd8c45058388-00-paeo9qo17oa0.spock.replit.dev/webhook
[2025-07-14T16:09:13.917Z] [6658] [INFO] Verify Token: loan_bot_verify_token
[2025-07-14T16:21:21.109Z] [6658] [INFO] SIGTERM received, shutting down gracefully
[2025-07-14T16:21:22.560Z] [7671] [INFO] Document requirements service initialized
[2025-07-14T16:21:22.594Z] [7671] [WARN] Email credentials not found in environment variables
[2025-07-14T16:21:22.594Z] [7671] [WARN] Email service will be simulated
[2025-07-14T16:21:22.601Z] [7671] [INFO] Server running on port 5000
[2025-07-14T16:21:22.602Z] [7671] [INFO] WhatsApp Loan Document Collection Bot started successfully
[2025-07-14T16:21:22.602Z] [7671] [INFO] Webhook URL: https://c07c76fd-d940-430b-aa45-bd8c45058388-00-paeo9qo17oa0.spock.replit.dev/webhook
[2025-07-14T16:21:22.602Z] [7671] [INFO] Verify Token: loan_bot_verify_token
[2025-07-14T17:47:56.603Z] [61] [INFO] Document requirements service initialized
[2025-07-14T17:47:56.686Z] [61] [WARN] Email credentials not found in environment variables
[2025-07-14T17:47:56.687Z] [61] [WARN] Email service will be simulated
[2025-07-14T17:47:56.695Z] [61] [INFO] Server running on port 5000
[2025-07-14T17:47:56.696Z] [61] [INFO] WhatsApp Loan Document Collection Bot started successfully
[2025-07-14T17:47:56.696Z] [61] [INFO] Webhook URL: https://c07c76fd-d940-430b-aa45-bd8c45058388-00-paeo9qo17oa0.spock.replit.dev/webhook
[2025-07-14T17:47:56.696Z] [61] [INFO] Verify Token: loan_bot_verify_token
[2025-07-14T18:05:03.033Z] [81] [INFO] Document requirements service initialized
[2025-07-14T18:05:03.107Z] [81] [WARN] Email credentials not found in environment variables
[2025-07-14T18:05:03.107Z] [81] [WARN] Email service will be simulated
[2025-07-14T18:05:03.117Z] [81] [INFO] Server running on port 5000
[2025-07-14T18:05:03.117Z] [81] [INFO] WhatsApp Loan Document Collection Bot started successfully
[2025-07-14T18:05:03.117Z] [81] [INFO] Webhook URL: https://c07c76fd-d940-430b-aa45-bd8c45058388-00-paeo9qo17oa0.spock.replit.dev/webhook
[2025-07-14T18:05:03.117Z] [81] [INFO] Verify Token: loan_bot_verify_token
[2025-07-15T07:13:22.472Z] [81] [INFO] Document requirements service initialized
[2025-07-15T07:13:22.557Z] [81] [WARN] Email credentials not found in environment variables
[2025-07-15T07:13:22.557Z] [81] [WARN] Email service will be simulated
[2025-07-15T07:13:22.566Z] [81] [INFO] Server running on port 5000
[2025-07-15T07:13:22.566Z] [81] [INFO] WhatsApp Loan Document Collection Bot started successfully
[2025-07-15T07:13:22.566Z] [81] [INFO] Webhook URL: https://c07c76fd-d940-430b-aa45-bd8c45058388-00-paeo9qo17oa0.spock.replit.dev/webhook
[2025-07-15T07:13:22.567Z] [81] [INFO] Verify Token: loan_bot_verify_token
